##################################
Training Model : Betazeta Generic
###################################
Getting document matrix...
Numero de documentos: 31713
Numero de palabras: 42834
Calculating LDA using...
   beta: 1
   alpha: 0.1
   ntopics: 8
Saving Results...
Saving Document and topic correlation...
   -> 0.0% (0)
   -> 3.0% (952)
   -> 6.0% (1903)
   -> 9.0% (2855)
   -> 12.0% (3806)
   -> 15.0% (4757)
   -> 18.0% (5709)
   -> 21.0% (6660)
   -> 24.0% (7612)
   -> 27.0% (8563)
   -> 30.0% (9514)
   -> 33.0% (10466)
   -> 36.0% (11417)
   -> 39.0% (12369)
   -> 42.0% (13320)
   -> 45.0% (14271)
   -> 48.0% (15223)
   -> 51.0% (16174)
   -> 54.0% (17126)
   -> 57.0% (18077)
   -> 60.0% (19028)
   -> 63.0% (19980)
   -> 66.0% (20931)
   -> 69.0% (21882)
   -> 72.0% (22834)
   -> 75.0% (23785)
   -> 78.0% (24737)
   -> 81.0% (25688)
   -> 84.0% (26639)
   -> 87.0% (27591)
   -> 90.0% (28542)
   -> 93.0% (29494)
   -> 96.0% (30445)
   -> 99.0% (31396)
Saving topics and word correlation to file
Opening application_topicword.txt
   -> 0.0% (0)
   -> 13.0% (1)
   -> 25.0% (2)
   -> 38.0% (3)
   -> 50.0% (4)
   -> 63.0% (5)
   -> 75.0% (6)
   -> 88.0% (7)
'do': 405.55 sec
Setting Labels From MasterFile...
  Process Ended, 8 where asigned.
'train_data': 414.96 sec